#
# There is insufficient memory for the Java Runtime Environment to continue.
# Native memory allocation (mmap) failed to map 67108864 bytes for G1 virtual space
# Possible reasons:
#   The system is out of physical RAM or swap space
#   The process is running with CompressedOops enabled, and the Java Heap may be blocking the growth of the native heap
# Possible solutions:
#   Reduce memory load on the system
#   Increase physical memory or swap space
#   Check if swap backing store is full
#   Decrease Java heap size (-Xmx/-Xms)
#   Decrease number of Java threads
#   Decrease Java thread stack sizes (-Xss)
#   Set larger code cache with -XX:ReservedCodeCacheSize=
#   JVM is running with Unscaled Compressed Oops mode in which the Java heap is
#     placed in the first 4GB address space. The Java Heap base address is the
#     maximum limit for the native heap growth. Please use -XX:HeapBaseMinAddress
#     to set the Java Heap base and to place the Java Heap above 4GB virtual address.
# This output file may be truncated or incomplete.
#
#  Out of Memory Error (os_windows.cpp:3613), pid=13516, tid=11860
#
# JRE version:  (17.0.9+9) (build )
# Java VM: OpenJDK 64-Bit Server VM (17.0.9+9, mixed mode, sharing, tiered, compressed oops, compressed class ptrs, g1 gc, windows-amd64)
# No core dump will be written. Minidumps are not enabled by default on client versions of Windows
#

---------------  S U M M A R Y ------------

Command Line: -Dfile.encoding=UTF-8 -XX:+ShowCodeDetailsInExceptionMessages it.unipv.ingsw.gi.library.Biblioteca

Host: Intel(R) Core(TM) i5-5300U CPU @ 2.30GHz, 4 cores, 3G,  Windows 10 , 64 bit Build 19041 (10.0.19041.3636)
Time: Wed Nov 29 17:19:51 2023 W. Europe Standard Time elapsed time: 0.034598 seconds (0d 0h 0m 0s)

---------------  T H R E A D  ---------------

Current thread (0x000001c1d8637980):  JavaThread "Unknown thread" [_thread_in_vm, id=11860, stack(0x000000b972100000,0x000000b972200000)]

Stack: [0x000000b972100000,0x000000b972200000]
Native frames: (J=compiled Java code, j=interpreted, Vv=VM code, C=native code)
V  [jvm.dll+0x67cf49]
V  [jvm.dll+0x83478a]
V  [jvm.dll+0x83624e]
V  [jvm.dll+0x8368b3]
V  [jvm.dll+0x247f1f]
V  [jvm.dll+0x679d69]
V  [jvm.dll+0x66e6ba]
V  [jvm.dll+0x307e5b]
V  [jvm.dll+0x30f306]
V  [jvm.dll+0x35f0ce]
V  [jvm.dll+0x35f2ff]
V  [jvm.dll+0x2dea58]
V  [jvm.dll+0x2df9c4]
V  [jvm.dll+0x806031]
V  [jvm.dll+0x36cf31]
V  [jvm.dll+0x7e4aac]
V  [jvm.dll+0x3f07af]
V  [jvm.dll+0x3f23e1]
C  [jli.dll+0x528f]
C  [ucrtbase.dll+0x21bb2]
C  [KERNEL32.DLL+0x17344]
C  [ntdll.dll+0x526b1]


---------------  P R O C E S S  ---------------

Threads class SMR info:
_java_thread_list=0x00007ff9d20cee98, length=0, elements={
}

Java Threads: ( => current thread )

Other Threads:
  0x000001c1d8672cf0 GCTaskThread "GC Thread#0" [stack: 0x000000b972200000,0x000000b972300000] [id=8072]
  0x000001c1d867b940 ConcurrentGCThread "G1 Main Marker" [stack: 0x000000b972300000,0x000000b972400000] [id=14768]
  0x000001c1d867c360 ConcurrentGCThread "G1 Conc#0" [stack: 0x000000b972400000,0x000000b972500000] [id=14600]

[error occurred during error reporting (printing all threads), id 0xc0000005, EXCEPTION_ACCESS_VIOLATION (0xc0000005) at pc=0x00007ff9d188f497]

VM state: not at safepoint (not fully initialized)

VM Mutex/Monitor currently owned by a thread:  ([mutex/lock_event])
[0x000001c1d8631b10] Heap_lock - owner thread: 0x000001c1d8637980

Heap address: 0x00000000c1800000, size: 1000 MB, Compressed Oops mode: 32-bit

CDS archive(s) mapped at: [0x0000000000000000-0x0000000000000000-0x0000000000000000), size 0, SharedBaseAddress: 0x0000000800000000, ArchiveRelocationMode: 1.
Narrow klass base: 0x0000000000000000, Narrow klass shift: 0, Narrow klass range: 0x0

GC Precious Log:
<Empty>

Heap:
 garbage-first heap   total 0K, used 0K [0x00000000c1800000, 0x0000000100000000)
  region size 1024K, 0 young (0K), 0 survivors (0K)

[error occurred during error reporting (printing heap information), id 0xc0000005, EXCEPTION_ACCESS_VIOLATION (0xc0000005) at pc=0x00007ff9d1c76c79]

GC Heap History (0 events):
No events

Dll operation events (1 events):
Event: 0.016 Loaded shared library C:\Users\nassa\Downloads\eclipse\plugins\org.eclipse.justj.openjdk.hotspot.jre.full.win32.x86_64_17.0.9.v20231028-0858\jre\bin\java.dll

Deoptimization events (0 events):
No events

Classes unloaded (0 events):
No events

Classes redefined (0 events):
No events

Internal exceptions (0 events):
No events

VM Operations (0 events):
No events

Events (0 events):
No events


Dynamic libraries:
0x00007ff68a1b0000 - 0x00007ff68a1be000 	C:\Users\nassa\Downloads\eclipse\plugins\org.eclipse.justj.openjdk.hotspot.jre.full.win32.x86_64_17.0.9.v20231028-0858\jre\bin\javaw.exe
0x00007ffa1ad90000 - 0x00007ffa1af88000 	C:\WINDOWS\SYSTEM32\ntdll.dll
0x00007ffa18e20000 - 0x00007ffa18edd000 	C:\WINDOWS\System32\KERNEL32.DLL
0x00007ffa18510000 - 0x00007ffa18806000 	C:\WINDOWS\System32\KERNELBASE.dll
0x00007ffa18aa0000 - 0x00007ffa18ba0000 	C:\WINDOWS\System32\ucrtbase.dll
0x00007ff9f7120000 - 0x00007ff9f713b000 	C:\Users\nassa\Downloads\eclipse\plugins\org.eclipse.justj.openjdk.hotspot.jre.full.win32.x86_64_17.0.9.v20231028-0858\jre\bin\VCRUNTIME140.dll
0x00007ff9f6b70000 - 0x00007ff9f6b87000 	C:\Users\nassa\Downloads\eclipse\plugins\org.eclipse.justj.openjdk.hotspot.jre.full.win32.x86_64_17.0.9.v20231028-0858\jre\bin\jli.dll
0x00007ffa19f60000 - 0x00007ffa1a0fe000 	C:\WINDOWS\System32\USER32.dll
0x00007ffa18dc0000 - 0x00007ffa18de2000 	C:\WINDOWS\System32\win32u.dll
0x00007ffa1a360000 - 0x00007ffa1a38c000 	C:\WINDOWS\System32\GDI32.dll
0x00007ffa18ba0000 - 0x00007ffa18cba000 	C:\WINDOWS\System32\gdi32full.dll
0x00007ffa18470000 - 0x00007ffa1850d000 	C:\WINDOWS\System32\msvcp_win.dll
0x00007ffa06f40000 - 0x00007ffa071da000 	C:\WINDOWS\WinSxS\amd64_microsoft.windows.common-controls_6595b64144ccf1df_6.0.19041.3636_none_60b6a03d71f818d5\COMCTL32.dll
0x00007ffa1a230000 - 0x00007ffa1a2ce000 	C:\WINDOWS\System32\msvcrt.dll
0x00007ffa18df0000 - 0x00007ffa18e20000 	C:\WINDOWS\System32\IMM32.DLL
0x00007ffa10790000 - 0x00007ffa1079c000 	C:\Users\nassa\Downloads\eclipse\plugins\org.eclipse.justj.openjdk.hotspot.jre.full.win32.x86_64_17.0.9.v20231028-0858\jre\bin\vcruntime140_1.dll
0x00007ff9f66e0000 - 0x00007ff9f676d000 	C:\Users\nassa\Downloads\eclipse\plugins\org.eclipse.justj.openjdk.hotspot.jre.full.win32.x86_64_17.0.9.v20231028-0858\jre\bin\msvcp140.dll
0x00007ff9d15a0000 - 0x00007ff9d2201000 	C:\Users\nassa\Downloads\eclipse\plugins\org.eclipse.justj.openjdk.hotspot.jre.full.win32.x86_64_17.0.9.v20231028-0858\jre\bin\server\jvm.dll
0x00007ffa19eb0000 - 0x00007ffa19f5f000 	C:\WINDOWS\System32\ADVAPI32.dll
0x00007ffa19e10000 - 0x00007ffa19eac000 	C:\WINDOWS\System32\sechost.dll
0x00007ffa18ee0000 - 0x00007ffa19006000 	C:\WINDOWS\System32\RPCRT4.dll
0x00007ffa182d0000 - 0x00007ffa1831b000 	C:\WINDOWS\SYSTEM32\POWRPROF.dll
0x00007ffa005e0000 - 0x00007ffa005e9000 	C:\WINDOWS\SYSTEM32\WSOCK32.dll
0x00007ffa1aaf0000 - 0x00007ffa1ab5b000 	C:\WINDOWS\System32\WS2_32.dll
0x00007ffa08670000 - 0x00007ffa0867a000 	C:\WINDOWS\SYSTEM32\VERSION.dll
0x00007ffa05450000 - 0x00007ffa05477000 	C:\WINDOWS\SYSTEM32\WINMM.dll
0x00007ffa182b0000 - 0x00007ffa182c2000 	C:\WINDOWS\SYSTEM32\UMPDC.dll
0x00007ffa16cc0000 - 0x00007ffa16cd2000 	C:\WINDOWS\SYSTEM32\kernel.appcore.dll
0x00007ffa14be0000 - 0x00007ffa14bea000 	C:\Users\nassa\Downloads\eclipse\plugins\org.eclipse.justj.openjdk.hotspot.jre.full.win32.x86_64_17.0.9.v20231028-0858\jre\bin\jimage.dll
0x00007ffa16830000 - 0x00007ffa16a14000 	C:\WINDOWS\SYSTEM32\DBGHELP.DLL
0x00007ff9f91e0000 - 0x00007ff9f9214000 	C:\WINDOWS\SYSTEM32\dbgcore.DLL
0x00007ffa18970000 - 0x00007ffa189f2000 	C:\WINDOWS\System32\bcryptPrimitives.dll
0x00007ffa0cd30000 - 0x00007ffa0cd55000 	C:\Users\nassa\Downloads\eclipse\plugins\org.eclipse.justj.openjdk.hotspot.jre.full.win32.x86_64_17.0.9.v20231028-0858\jre\bin\java.dll

dbghelp: loaded successfully - version: 4.0.5 - missing functions: none
symbol engine: initialized successfully - sym options: 0x614 - pdb path: .;C:\Users\nassa\Downloads\eclipse\plugins\org.eclipse.justj.openjdk.hotspot.jre.full.win32.x86_64_17.0.9.v20231028-0858\jre\bin;C:\WINDOWS\SYSTEM32;C:\WINDOWS\WinSxS\amd64_microsoft.windows.common-controls_6595b64144ccf1df_6.0.19041.3636_none_60b6a03d71f818d5;C:\Users\nassa\Downloads\eclipse\plugins\org.eclipse.justj.openjdk.hotspot.jre.full.win32.x86_64_17.0.9.v20231028-0858\jre\bin\server

VM Arguments:
jvm_args: -Dfile.encoding=UTF-8 -XX:+ShowCodeDetailsInExceptionMessages 
java_command: it.unipv.ingsw.gi.library.Biblioteca
java_class_path (initial): C:\Users\nassa\eclipse-workspace\BibFin\bin;C:\Users\nassa\Downloads\mysql-connector-j-8.0.32\mysql-connector-j-8.0.32.jar;C:\Users\nassa\eclipse-workspace\BibFin\jgoodies-forms-1.8.0.jar;C:\Users\nassa\eclipse-workspace\BibFin\miglayout15-swing.jar;C:\Users\nassa\Downloads\eclipse\plugins\org.junit_4.13.2.v20211018-1956.jar;C:\Users\nassa\Downloads\eclipse\plugins\org.hamcrest.core_1.3.0.v20180420-1519.jar
Launcher Type: SUN_STANDARD

[Global flags]
     intx CICompilerCount                          = 3                                         {product} {ergonomic}
     uint ConcGCThreads                            = 1                                         {product} {ergonomic}
     uint G1ConcRefinementThreads                  = 4                                         {product} {ergonomic}
   size_t G1HeapRegionSize                         = 1048576                                   {product} {ergonomic}
    uintx GCDrainStackTargetSize                   = 64                                        {product} {ergonomic}
   size_t InitialHeapSize                          = 67108864                                  {product} {ergonomic}
   size_t MarkStackSize                            = 4194304                                   {product} {ergonomic}
   size_t MaxHeapSize                              = 1048576000                                {product} {ergonomic}
   size_t MinHeapDeltaBytes                        = 1048576                                   {product} {ergonomic}
   size_t MinHeapSize                              = 8388608                                   {product} {ergonomic}
    uintx NonNMethodCodeHeapSize                   = 5832780                                {pd product} {ergonomic}
    uintx NonProfiledCodeHeapSize                  = 122912730                              {pd product} {ergonomic}
    uintx ProfiledCodeHeapSize                     = 122912730                              {pd product} {ergonomic}
    uintx ReservedCodeCacheSize                    = 251658240                              {pd product} {ergonomic}
     bool SegmentedCodeCache                       = true                                      {product} {ergonomic}
     bool ShowCodeDetailsInExceptionMessages       = true                                   {manageable} {command line}
   size_t SoftMaxHeapSize                          = 1048576000                             {manageable} {ergonomic}
     bool UseCompressedClassPointers               = true                           {product lp64_product} {ergonomic}
     bool UseCompressedOops                        = true                           {product lp64_product} {ergonomic}
     bool UseG1GC                                  = true                                      {product} {ergonomic}
     bool UseLargePagesIndividualAllocation        = false                                  {pd product} {ergonomic}

Logging:
Log output configuration:
 #0: stdout all=warning uptime,level,tags
 #1: stderr all=off uptime,level,tags

Environment Variables:
PATH=C:/Users/nassa/Downloads/eclipse//plugins/org.eclipse.justj.openjdk.hotspot.jre.full.win32.x86_64_17.0.9.v20231028-0858/jre/bin/server;C:/Users/nassa/Downloads/eclipse//plugins/org.eclipse.justj.openjdk.hotspot.jre.full.win32.x86_64_17.0.9.v20231028-0858/jre/bin;C:\Program Files (x86)\Common Files\Oracle\Java\javapath;C:\WINDOWS\system32;C:\WINDOWS;C:\WINDOWS\System32\Wbem;C:\WINDOWS\System32\WindowsPowerShell\v1.0\;C:\WINDOWS\System32\OpenSSH\;C:\Program Files (x86)\starship\bin\;C:\Program Files\Microsoft SQL Server\130\Tools\Binn\;D:\random\;C:\Program Files\Git\cmd;C:\Program Files\MATLAB\R2023b\bin;C:\Users\nassa\AppData\Local\Programs\Python\Python311\Scripts\;C:\Users\nassa\AppData\Local\Programs\Python\Python311\;C:\Program Files\MySQL\MySQL Shell 8.0\bin\;C:\Users\nassa\AppData\Local\Microsoft\WindowsApps;;C:\Users\nassa\AppData\Local\Programs\Microsoft VS Code\bin;C:\Users\nassa\Downloads\eclipse;
USERNAME=nassa
OS=Windows_NT
PROCESSOR_IDENTIFIER=Intel64 Family 6 Model 61 Stepping 4, GenuineIntel
TMP=C:\Users\nassa\AppData\Local\Temp
TEMP=C:\Users\nassa\AppData\Local\Temp



Periodic native trim disabled


---------------  S Y S T E M  ---------------

OS:
 Windows 10 , 64 bit Build 19041 (10.0.19041.3636)
OS uptime: 1 days 23:33 hours

CPU: total 4 (initial active 4) (2 cores per cpu, 2 threads per core) family 6 model 61 stepping 4 microcode 0x2d, cx8, cmov, fxsr, ht, mmx, 3dnowpref, sse, sse2, sse3, ssse3, sse4.1, sse4.2, popcnt, lzcnt, tsc, tscinvbit, avx, avx2, aes, erms, clmul, bmi1, bmi2, rtm, adx, fma, vzeroupper, clflush
Processor Information for all 4 processors :
  Max Mhz: 2301, Current Mhz: 2301, Mhz Limit: 2301

Memory: 4k page, system-wide physical 3995M (353M free)
TotalPageFile size 7995M (AvailPageFile size 49M)
current process WorkingSet (physical memory assigned to process): 10M, peak: 10M
current process commit charge ("private bytes"): 51M, peak: 115M

vm_info: OpenJDK 64-Bit Server VM (17.0.9+9) for windows-amd64 JRE (17.0.9+9), built on Oct 26 2023 14:01:42 by "admin" with MS VC++ 16.10 / 16.11 (VS2019)

END.
