#
# There is insufficient memory for the Java Runtime Environment to continue.
# Native memory allocation (mmap) failed to map 65536 bytes for Failed to commit metaspace.
# Possible reasons:
#   The system is out of physical RAM or swap space
#   The process is running with CompressedOops enabled, and the Java Heap may be blocking the growth of the native heap
# Possible solutions:
#   Reduce memory load on the system
#   Increase physical memory or swap space
#   Check if swap backing store is full
#   Decrease Java heap size (-Xmx/-Xms)
#   Decrease number of Java threads
#   Decrease Java thread stack sizes (-Xss)
#   Set larger code cache with -XX:ReservedCodeCacheSize=
#   JVM is running with Unscaled Compressed Oops mode in which the Java heap is
#     placed in the first 4GB address space. The Java Heap base address is the
#     maximum limit for the native heap growth. Please use -XX:HeapBaseMinAddress
#     to set the Java Heap base and to place the Java Heap above 4GB virtual address.
# This output file may be truncated or incomplete.
#
#  Out of Memory Error (virtualSpaceNode.cpp:110), pid=7104, tid=14280
#
# JRE version: OpenJDK Runtime Environment Temurin-17.0.9+9 (17.0.9+9) (build 17.0.9+9)
# Java VM: OpenJDK 64-Bit Server VM Temurin-17.0.9+9 (17.0.9+9, mixed mode, tiered, compressed oops, compressed class ptrs, g1 gc, windows-amd64)
# No core dump will be written. Minidumps are not enabled by default on client versions of Windows
#

---------------  S U M M A R Y ------------

Command Line: -Dfile.encoding=UTF-8 -XX:+ShowCodeDetailsInExceptionMessages it.unipv.ingsw.gi.library.Biblioteca

Host: Intel(R) Core(TM) i5-5300U CPU @ 2.30GHz, 4 cores, 3G,  Windows 10 , 64 bit Build 19041 (10.0.19041.3636)
Time: Wed Nov 29 17:19:40 2023 W. Europe Standard Time elapsed time: 0.250776 seconds (0d 0h 0m 0s)

---------------  T H R E A D  ---------------

Current thread (0x0000025446376a70):  JavaThread "main" [_thread_in_vm, id=14280, stack(0x000000b22a200000,0x000000b22a300000)]

Stack: [0x000000b22a200000,0x000000b22a300000]
Native frames: (J=compiled Java code, j=interpreted, Vv=VM code, C=native code)
V  [jvm.dll+0x67cf49]
V  [jvm.dll+0x83478a]
V  [jvm.dll+0x83624e]
V  [jvm.dll+0x8368b3]
V  [jvm.dll+0x247f1f]
V  [jvm.dll+0x83044b]
V  [jvm.dll+0x621776]
V  [jvm.dll+0x6217da]
V  [jvm.dll+0x62400a]
V  [jvm.dll+0x622116]
V  [jvm.dll+0x633019]
V  [jvm.dll+0x62c2d4]
V  [jvm.dll+0x3836b1]
C  0x0000025450f8c6e8

The last pc belongs to method entry point (kind = zerolocals) (printed below).
Java frames: (J=compiled Java code, j=interpreted, Vv=VM code)
j  jdk.internal.ref.PhantomCleanable.<init>(Ljava/lang/Object;Ljava/lang/ref/Cleaner;)V+0 java.base@17.0.9
j  jdk.internal.ref.CleanerImpl$CleanerCleanable.<init>(Ljava/lang/ref/Cleaner;)V+3 java.base@17.0.9
j  jdk.internal.ref.CleanerImpl.start(Ljava/lang/ref/Cleaner;Ljava/util/concurrent/ThreadFactory;)V+23 java.base@17.0.9
j  java.lang.ref.Cleaner.create(Ljava/util/concurrent/ThreadFactory;)Ljava/lang/ref/Cleaner;+21 java.base@17.0.9
j  jdk.internal.ref.CleanerFactory.<clinit>()V+7 java.base@17.0.9
v  ~StubRoutines::call_stub
j  java.io.FileCleanable.register(Ljava/io/FileDescriptor;)V+37 java.base@17.0.9
j  java.io.FileInputStream.<init>(Ljava/io/File;)V+103 java.base@17.0.9
j  jdk.internal.loader.URLClassPath$FileLoader$1.getInputStream()Ljava/io/InputStream;+8 java.base@17.0.9
j  jdk.internal.loader.Resource.cachedInputStream()Ljava/io/InputStream;+9 java.base@17.0.9
j  jdk.internal.loader.Resource.getByteBuffer()Ljava/nio/ByteBuffer;+1 java.base@17.0.9
j  jdk.internal.loader.BuiltinClassLoader.defineClass(Ljava/lang/String;Ljdk/internal/loader/Resource;)Ljava/lang/Class;+45 java.base@17.0.9
j  jdk.internal.loader.BuiltinClassLoader.findClassOnClassPathOrNull(Ljava/lang/String;)Ljava/lang/Class;+37 java.base@17.0.9
j  jdk.internal.loader.BuiltinClassLoader.loadClassOrNull(Ljava/lang/String;Z)Ljava/lang/Class;+111 java.base@17.0.9
j  jdk.internal.loader.BuiltinClassLoader.loadClass(Ljava/lang/String;Z)Ljava/lang/Class;+3 java.base@17.0.9
j  jdk.internal.loader.ClassLoaders$AppClassLoader.loadClass(Ljava/lang/String;Z)Ljava/lang/Class;+36 java.base@17.0.9
j  java.lang.ClassLoader.loadClass(Ljava/lang/String;)Ljava/lang/Class;+3 java.base@17.0.9
v  ~StubRoutines::call_stub
j  java.lang.Class.forName0(Ljava/lang/String;ZLjava/lang/ClassLoader;Ljava/lang/Class;)Ljava/lang/Class;+0 java.base@17.0.9
j  java.lang.Class.forName(Ljava/lang/String;ZLjava/lang/ClassLoader;)Ljava/lang/Class;+43 java.base@17.0.9
j  sun.launcher.LauncherHelper.loadMainClass(ILjava/lang/String;)Ljava/lang/Class;+95 java.base@17.0.9
j  sun.launcher.LauncherHelper.checkAndLoadMain(ZILjava/lang/String;)Ljava/lang/Class;+42 java.base@17.0.9
v  ~StubRoutines::call_stub
method entry point (kind = zerolocals)  [0x0000025450f8c520, 0x0000025450f8c8c0]  928 bytes
[MachCode]
  0x0000025450f8c520: 488b 5308 | 0fb7 4a2c | 0fb7 522a | 2bd1 81fa | f501 0000 | 0f86 2500 | 0000 488b | c248 c1e0 
  0x0000025450f8c540: 0348 83c0 | 5849 0387 | c003 0000 | 483b e00f | 870a 0000 | 0058 498b | e550 e921 | c3ff ff58 
  0x0000025450f8c560: 4c8d 74cc | f885 d20f | 8e09 0000 | 0068 0000 | 0000 ffca | 7ff7 5055 | 488b ec41 | 5568 0000 
  0x0000025450f8c580: 0000 4c8b | 6b08 4d8d | 6d30 5348 | 8b53 0848 | 8b52 0848 | 8b52 1848 | 8b52 7048 | 8b12 5248 
  0x0000025450f8c5a0: 8b53 1048 | 85d2 0f84 | 0700 0000 | 4881 c208 | 0100 0052 | 488b 5308 | 488b 5208 | 488b 5210 
  0x0000025450f8c5c0: 5241 5641 | 5568 0000 | 0000 4889 | 2424 41c6 | 8779 0300 | 0001 488b | 45d8 4885 | c00f 8484 
  0x0000025450f8c5e0: 0000 008b | 48fc 85c9 | 0f88 7900 | 0000 4803 | c148 8b48 | 0848 83e9 | 0248 8b54 | c810 48f7 
  0x0000025450f8c600: da49 8b14 | d648 85d2 | 7508 4883 | 4cc8 1801 | eb4f 8b52 | 0848 c1e2 | 0348 3354 | c818 48f7 
  0x0000025450f8c620: c2fc ffff | ff74 3a48 | f7c2 0200 | 0000 7531 | 4881 7cc8 | 1800 0000 | 0074 2148 | 817c c818 
  0x0000025450f8c640: 0100 0000 | 7416 4833 | 54c8 1848 | f7c2 fcff | ffff 740d | 4883 4cc8 | 1802 eb05 | 4889 54c8 
  0x0000025450f8c660: 1848 83e9 | 0279 9248 | 8b43 1048 | 85c0 7420 | 8b88 cc00 | 0000 83c1 | 0289 88cc | 0000 0023 
  0x0000025450f8c680: 88e0 0000 | 000f 8478 | 0100 00e9 | d100 0000 | 488b 4318 | 4885 c00f | 85b2 0000 | 00e8 0500 
  0x0000025450f8c6a0: 0000 e99b | 0000 0048 | 8bd3 488d | 4424 084c | 896d c049 | 8bcf c5f8 | 7749 89af | a802 0000 
  0x0000025450f8c6c0: 4989 8798 | 0200 0048 | 83ec 20f7 | c40f 0000 | 000f 841a | 0000 0048 | 83ec 0849 | ba90 3692 
  0x0000025450f8c6e0: d1f9 7f00 | 0041 ffd2 | 4883 c408 | e90d 0000 | 0049 ba90 | 3692 d1f9 | 7f00 0041 | ffd2 4883 
  0x0000025450f8c700: c420 49c7 | 8798 0200 | 0000 0000 | 0049 c787 | a802 0000 | 0000 0000 | 49c7 87a0 | 0200 0000 
  0x0000025450f8c720: 0000 00c5 | f877 4981 | 7f08 0000 | 0000 0f84 | 0500 0000 | e9c7 47ff | ff4c 8b6d | c04c 8b75 
  0x0000025450f8c740: c8c3 488b | 4318 4885 | c00f 8412 | 0000 008b | 4808 83c1 | 0289 4808 | 2348 200f | 84a2 0000 
  0x0000025450f8c760: 0089 8424 | 00f0 ffff | 8984 2400 | e0ff ff89 | 8424 00d0 | ffff 8984 | 2400 c0ff | ff89 8424 
  0x0000025450f8c780: 00b0 ffff | 8984 2400 | a0ff ff89 | 8424 0090 | ffff 41c6 | 8779 0300 | 0000 49ba | 2e35 12d2 
  0x0000025450f8c7a0: f97f 0000 | 4180 3a00 | 0f84 4200 | 0000 488b | 55e8 498b | cf48 83ec | 20f7 c40f | 0000 000f 
  0x0000025450f8c7c0: 841a 0000 | 0048 83ec | 0849 bac0 | 2bc8 d1f9 | 7f00 0041 | ffd2 4883 | c408 e90d | 0000 0049 
  0x0000025450f8c7e0: bac0 2bc8 | d1f9 7f00 | 0041 ffd2 | 4883 c420 | 410f b65d | 0049 ba90 | a214 d2f9 | 7f00 0041 
  0x0000025450f8c800: ff24 daba | 0000 0000 | e805 0000 | 00e9 9800 | 0000 488d | 4424 084c | 896d c049 | 8bcf c5f8 
  0x0000025450f8c820: 7749 89af | a802 0000 | 4989 8798 | 0200 0048 | 83ec 20f7 | c40f 0000 | 000f 841a | 0000 0048 
  0x0000025450f8c840: 83ec 0849 | ba80 4192 | d1f9 7f00 | 0041 ffd2 | 4883 c408 | e90d 0000 | 0049 ba80 | 4192 d1f9 
  0x0000025450f8c860: 7f00 0041 | ffd2 4883 | c420 49c7 | 8798 0200 | 0000 0000 | 0049 c787 | a802 0000 | 0000 0000 
  0x0000025450f8c880: 49c7 87a0 | 0200 0000 | 0000 00c5 | f877 4981 | 7f08 0000 | 0000 0f84 | 0500 0000 | e95f 46ff 
  0x0000025450f8c8a0: ff4c 8b6d | c04c 8b75 | c8c3 488b | 5de8 e9ae | feff ff0f | 1f44 0000 | 0000 0000 | 0000 0000 
[/MachCode]

---------------  P R O C E S S  ---------------

Threads class SMR info:
_java_thread_list=0x000002545d485b50, length=11, elements={
0x0000025446376a70, 0x000002545d4573f0, 0x000002545d458680, 0x000002545d4248b0,
0x000002545d425380, 0x000002545d427d50, 0x000002545d482270, 0x000002545d4960a0,
0x000002545d498b60, 0x000002545d4b3540, 0x000002545d70c730
}

Java Threads: ( => current thread )
=>0x0000025446376a70 JavaThread "main" [_thread_in_vm, id=14280, stack(0x000000b22a200000,0x000000b22a300000)]
  0x000002545d4573f0 JavaThread "Reference Handler" daemon [_thread_blocked, id=3992, stack(0x000000b22a900000,0x000000b22aa00000)]
  0x000002545d458680 JavaThread "Finalizer" daemon [_thread_blocked, id=14256, stack(0x000000b22aa00000,0x000000b22ab00000)]
  0x000002545d4248b0 JavaThread "Signal Dispatcher" daemon [_thread_blocked, id=3368, stack(0x000000b22ab00000,0x000000b22ac00000)]
  0x000002545d425380 JavaThread "Attach Listener" daemon [_thread_blocked, id=5368, stack(0x000000b22ac00000,0x000000b22ad00000)]
  0x000002545d427d50 JavaThread "Service Thread" daemon [_thread_blocked, id=11120, stack(0x000000b22ad00000,0x000000b22ae00000)]
  0x000002545d482270 JavaThread "Monitor Deflation Thread" daemon [_thread_blocked, id=8480, stack(0x000000b22ae00000,0x000000b22af00000)]
  0x000002545d4960a0 JavaThread "C2 CompilerThread0" daemon [_thread_blocked, id=10556, stack(0x000000b22af00000,0x000000b22b000000)]
  0x000002545d498b60 JavaThread "C1 CompilerThread0" daemon [_thread_blocked, id=12984, stack(0x000000b22b000000,0x000000b22b100000)]
  0x000002545d4b3540 JavaThread "Sweeper thread" daemon [_thread_blocked, id=1384, stack(0x000000b22b100000,0x000000b22b200000)]
  0x000002545d70c730 JavaThread "Notification Thread" daemon [_thread_blocked, id=9120, stack(0x000000b22b200000,0x000000b22b300000)]

Other Threads:
  0x000002544643e7a0 VMThread "VM Thread" [stack: 0x000000b22a800000,0x000000b22a900000] [id=14752]
  0x000002545d70cc10 WatcherThread [stack: 0x000000b22b300000,0x000000b22b400000] [id=14268]
  0x00000254463b1f90 GCTaskThread "GC Thread#0" [stack: 0x000000b22a300000,0x000000b22a400000] [id=4200]
  0x00000254463babe0 ConcurrentGCThread "G1 Main Marker" [stack: 0x000000b22a400000,0x000000b22a500000] [id=1088]
  0x00000254463bbda0 ConcurrentGCThread "G1 Conc#0" [stack: 0x000000b22a500000,0x000000b22a600000] [id=12280]
  0x0000025446411650 ConcurrentGCThread "G1 Refine#0" [stack: 0x000000b22a600000,0x000000b22a700000] [id=11936]
  0x0000025446412080 ConcurrentGCThread "G1 Service" [stack: 0x000000b22a700000,0x000000b22a800000] [id=784]

Threads with active compile tasks:

VM state: not at safepoint (normal execution)

VM Mutex/Monitor currently owned by a thread:  ([mutex/lock_event])
[0x000002544636fb70] Metaspace_lock - owner thread: 0x0000025446376a70

Heap address: 0x00000000c1800000, size: 1000 MB, Compressed Oops mode: 32-bit

CDS archive(s) not mapped
Compressed class space mapped at: 0x0000000100000000-0x0000000140000000, reserved size: 1073741824
Narrow klass base: 0x0000000000000000, Narrow klass shift: 3, Narrow klass range: 0x140000000

GC Precious Log:
 CPUs: 4 total, 4 available
 Memory: 3995M
 Large Page Support: Disabled
 NUMA Support: Disabled
 Compressed Oops: Enabled (32-bit)
 Heap Region Size: 1M
 Heap Min Capacity: 8M
 Heap Initial Capacity: 64M
 Heap Max Capacity: 1000M
 Pre-touch: Disabled
 Parallel Workers: 4
 Concurrent Workers: 1
 Concurrent Refinement Workers: 4
 Periodic GC: Disabled

Heap:
 garbage-first heap   total 65536K, used 1024K [0x00000000c1800000, 0x0000000100000000)
  region size 1024K, 2 young (2048K), 0 survivors (0K)
 Metaspace       used 3685K, committed 3712K, reserved 1114112K
  class space    used 293K, committed 320K, reserved 1048576K

Heap Regions: E=young(eden), S=young(survivor), O=old, HS=humongous(starts), HC=humongous(continues), CS=collection set, F=free, OA=open archive, CA=closed archive, TAMS=top-at-mark-start (previous, next)
|   0|0x00000000c1800000, 0x00000000c1800000, 0x00000000c1900000|  0%| F|  |TAMS 0x00000000c1800000, 0x00000000c1800000| Untracked 
|   1|0x00000000c1900000, 0x00000000c1900000, 0x00000000c1a00000|  0%| F|  |TAMS 0x00000000c1900000, 0x00000000c1900000| Untracked 
|   2|0x00000000c1a00000, 0x00000000c1a00000, 0x00000000c1b00000|  0%| F|  |TAMS 0x00000000c1a00000, 0x00000000c1a00000| Untracked 
|   3|0x00000000c1b00000, 0x00000000c1b00000, 0x00000000c1c00000|  0%| F|  |TAMS 0x00000000c1b00000, 0x00000000c1b00000| Untracked 
|   4|0x00000000c1c00000, 0x00000000c1c00000, 0x00000000c1d00000|  0%| F|  |TAMS 0x00000000c1c00000, 0x00000000c1c00000| Untracked 
|   5|0x00000000c1d00000, 0x00000000c1d00000, 0x00000000c1e00000|  0%| F|  |TAMS 0x00000000c1d00000, 0x00000000c1d00000| Untracked 
|   6|0x00000000c1e00000, 0x00000000c1e00000, 0x00000000c1f00000|  0%| F|  |TAMS 0x00000000c1e00000, 0x00000000c1e00000| Untracked 
|   7|0x00000000c1f00000, 0x00000000c1f00000, 0x00000000c2000000|  0%| F|  |TAMS 0x00000000c1f00000, 0x00000000c1f00000| Untracked 
|   8|0x00000000c2000000, 0x00000000c2000000, 0x00000000c2100000|  0%| F|  |TAMS 0x00000000c2000000, 0x00000000c2000000| Untracked 
|   9|0x00000000c2100000, 0x00000000c2100000, 0x00000000c2200000|  0%| F|  |TAMS 0x00000000c2100000, 0x00000000c2100000| Untracked 
|  10|0x00000000c2200000, 0x00000000c2200000, 0x00000000c2300000|  0%| F|  |TAMS 0x00000000c2200000, 0x00000000c2200000| Untracked 
|  11|0x00000000c2300000, 0x00000000c2300000, 0x00000000c2400000|  0%| F|  |TAMS 0x00000000c2300000, 0x00000000c2300000| Untracked 
|  12|0x00000000c2400000, 0x00000000c2400000, 0x00000000c2500000|  0%| F|  |TAMS 0x00000000c2400000, 0x00000000c2400000| Untracked 
|  13|0x00000000c2500000, 0x00000000c2500000, 0x00000000c2600000|  0%| F|  |TAMS 0x00000000c2500000, 0x00000000c2500000| Untracked 
|  14|0x00000000c2600000, 0x00000000c2600000, 0x00000000c2700000|  0%| F|  |TAMS 0x00000000c2600000, 0x00000000c2600000| Untracked 
|  15|0x00000000c2700000, 0x00000000c2700000, 0x00000000c2800000|  0%| F|  |TAMS 0x00000000c2700000, 0x00000000c2700000| Untracked 
|  16|0x00000000c2800000, 0x00000000c2800000, 0x00000000c2900000|  0%| F|  |TAMS 0x00000000c2800000, 0x00000000c2800000| Untracked 
|  17|0x00000000c2900000, 0x00000000c2900000, 0x00000000c2a00000|  0%| F|  |TAMS 0x00000000c2900000, 0x00000000c2900000| Untracked 
|  18|0x00000000c2a00000, 0x00000000c2a00000, 0x00000000c2b00000|  0%| F|  |TAMS 0x00000000c2a00000, 0x00000000c2a00000| Untracked 
|  19|0x00000000c2b00000, 0x00000000c2b00000, 0x00000000c2c00000|  0%| F|  |TAMS 0x00000000c2b00000, 0x00000000c2b00000| Untracked 
|  20|0x00000000c2c00000, 0x00000000c2c00000, 0x00000000c2d00000|  0%| F|  |TAMS 0x00000000c2c00000, 0x00000000c2c00000| Untracked 
|  21|0x00000000c2d00000, 0x00000000c2d00000, 0x00000000c2e00000|  0%| F|  |TAMS 0x00000000c2d00000, 0x00000000c2d00000| Untracked 
|  22|0x00000000c2e00000, 0x00000000c2e00000, 0x00000000c2f00000|  0%| F|  |TAMS 0x00000000c2e00000, 0x00000000c2e00000| Untracked 
|  23|0x00000000c2f00000, 0x00000000c2f00000, 0x00000000c3000000|  0%| F|  |TAMS 0x00000000c2f00000, 0x00000000c2f00000| Untracked 
|  24|0x00000000c3000000, 0x00000000c3000000, 0x00000000c3100000|  0%| F|  |TAMS 0x00000000c3000000, 0x00000000c3000000| Untracked 
|  25|0x00000000c3100000, 0x00000000c3100000, 0x00000000c3200000|  0%| F|  |TAMS 0x00000000c3100000, 0x00000000c3100000| Untracked 
|  26|0x00000000c3200000, 0x00000000c3200000, 0x00000000c3300000|  0%| F|  |TAMS 0x00000000c3200000, 0x00000000c3200000| Untracked 
|  27|0x00000000c3300000, 0x00000000c3300000, 0x00000000c3400000|  0%| F|  |TAMS 0x00000000c3300000, 0x00000000c3300000| Untracked 
|  28|0x00000000c3400000, 0x00000000c3400000, 0x00000000c3500000|  0%| F|  |TAMS 0x00000000c3400000, 0x00000000c3400000| Untracked 
|  29|0x00000000c3500000, 0x00000000c3500000, 0x00000000c3600000|  0%| F|  |TAMS 0x00000000c3500000, 0x00000000c3500000| Untracked 
|  30|0x00000000c3600000, 0x00000000c3600000, 0x00000000c3700000|  0%| F|  |TAMS 0x00000000c3600000, 0x00000000c3600000| Untracked 
|  31|0x00000000c3700000, 0x00000000c3700000, 0x00000000c3800000|  0%| F|  |TAMS 0x00000000c3700000, 0x00000000c3700000| Untracked 
|  32|0x00000000c3800000, 0x00000000c3800000, 0x00000000c3900000|  0%| F|  |TAMS 0x00000000c3800000, 0x00000000c3800000| Untracked 
|  33|0x00000000c3900000, 0x00000000c3900000, 0x00000000c3a00000|  0%| F|  |TAMS 0x00000000c3900000, 0x00000000c3900000| Untracked 
|  34|0x00000000c3a00000, 0x00000000c3a00000, 0x00000000c3b00000|  0%| F|  |TAMS 0x00000000c3a00000, 0x00000000c3a00000| Untracked 
|  35|0x00000000c3b00000, 0x00000000c3b00000, 0x00000000c3c00000|  0%| F|  |TAMS 0x00000000c3b00000, 0x00000000c3b00000| Untracked 
|  36|0x00000000c3c00000, 0x00000000c3c00000, 0x00000000c3d00000|  0%| F|  |TAMS 0x00000000c3c00000, 0x00000000c3c00000| Untracked 
|  37|0x00000000c3d00000, 0x00000000c3d00000, 0x00000000c3e00000|  0%| F|  |TAMS 0x00000000c3d00000, 0x00000000c3d00000| Untracked 
|  38|0x00000000c3e00000, 0x00000000c3e00000, 0x00000000c3f00000|  0%| F|  |TAMS 0x00000000c3e00000, 0x00000000c3e00000| Untracked 
|  39|0x00000000c3f00000, 0x00000000c3f00000, 0x00000000c4000000|  0%| F|  |TAMS 0x00000000c3f00000, 0x00000000c3f00000| Untracked 
|  40|0x00000000c4000000, 0x00000000c4000000, 0x00000000c4100000|  0%| F|  |TAMS 0x00000000c4000000, 0x00000000c4000000| Untracked 
|  41|0x00000000c4100000, 0x00000000c4100000, 0x00000000c4200000|  0%| F|  |TAMS 0x00000000c4100000, 0x00000000c4100000| Untracked 
|  42|0x00000000c4200000, 0x00000000c4200000, 0x00000000c4300000|  0%| F|  |TAMS 0x00000000c4200000, 0x00000000c4200000| Untracked 
|  43|0x00000000c4300000, 0x00000000c4300000, 0x00000000c4400000|  0%| F|  |TAMS 0x00000000c4300000, 0x00000000c4300000| Untracked 
|  44|0x00000000c4400000, 0x00000000c4400000, 0x00000000c4500000|  0%| F|  |TAMS 0x00000000c4400000, 0x00000000c4400000| Untracked 
|  45|0x00000000c4500000, 0x00000000c4500000, 0x00000000c4600000|  0%| F|  |TAMS 0x00000000c4500000, 0x00000000c4500000| Untracked 
|  46|0x00000000c4600000, 0x00000000c4600000, 0x00000000c4700000|  0%| F|  |TAMS 0x00000000c4600000, 0x00000000c4600000| Untracked 
|  47|0x00000000c4700000, 0x00000000c4700000, 0x00000000c4800000|  0%| F|  |TAMS 0x00000000c4700000, 0x00000000c4700000| Untracked 
|  48|0x00000000c4800000, 0x00000000c4800000, 0x00000000c4900000|  0%| F|  |TAMS 0x00000000c4800000, 0x00000000c4800000| Untracked 
|  49|0x00000000c4900000, 0x00000000c4900000, 0x00000000c4a00000|  0%| F|  |TAMS 0x00000000c4900000, 0x00000000c4900000| Untracked 
|  50|0x00000000c4a00000, 0x00000000c4a00000, 0x00000000c4b00000|  0%| F|  |TAMS 0x00000000c4a00000, 0x00000000c4a00000| Untracked 
|  51|0x00000000c4b00000, 0x00000000c4b00000, 0x00000000c4c00000|  0%| F|  |TAMS 0x00000000c4b00000, 0x00000000c4b00000| Untracked 
|  52|0x00000000c4c00000, 0x00000000c4c00000, 0x00000000c4d00000|  0%| F|  |TAMS 0x00000000c4c00000, 0x00000000c4c00000| Untracked 
|  53|0x00000000c4d00000, 0x00000000c4d00000, 0x00000000c4e00000|  0%| F|  |TAMS 0x00000000c4d00000, 0x00000000c4d00000| Untracked 
|  54|0x00000000c4e00000, 0x00000000c4e00000, 0x00000000c4f00000|  0%| F|  |TAMS 0x00000000c4e00000, 0x00000000c4e00000| Untracked 
|  55|0x00000000c4f00000, 0x00000000c4f00000, 0x00000000c5000000|  0%| F|  |TAMS 0x00000000c4f00000, 0x00000000c4f00000| Untracked 
|  56|0x00000000c5000000, 0x00000000c5000000, 0x00000000c5100000|  0%| F|  |TAMS 0x00000000c5000000, 0x00000000c5000000| Untracked 
|  57|0x00000000c5100000, 0x00000000c5100000, 0x00000000c5200000|  0%| F|  |TAMS 0x00000000c5100000, 0x00000000c5100000| Untracked 
|  58|0x00000000c5200000, 0x00000000c5200000, 0x00000000c5300000|  0%| F|  |TAMS 0x00000000c5200000, 0x00000000c5200000| Untracked 
|  59|0x00000000c5300000, 0x00000000c5300000, 0x00000000c5400000|  0%| F|  |TAMS 0x00000000c5300000, 0x00000000c5300000| Untracked 
|  60|0x00000000c5400000, 0x00000000c5400000, 0x00000000c5500000|  0%| F|  |TAMS 0x00000000c5400000, 0x00000000c5400000| Untracked 
|  61|0x00000000c5500000, 0x00000000c5500000, 0x00000000c5600000|  0%| F|  |TAMS 0x00000000c5500000, 0x00000000c5500000| Untracked 
|  62|0x00000000c5600000, 0x00000000c5643108, 0x00000000c5700000| 26%| E|  |TAMS 0x00000000c5600000, 0x00000000c5600000| Complete 
|  63|0x00000000c5700000, 0x00000000c5800000, 0x00000000c5800000|100%| E|CS|TAMS 0x00000000c5700000, 0x00000000c5700000| Complete 

Card table byte_map: [0x0000025458c50000,0x0000025458e50000] _byte_map_base: 0x0000025458644000

Marking Bits (Prev, Next): (CMBitMap*) 0x00000254463b25b0, (CMBitMap*) 0x00000254463b25f0
 Prev Bits: [0x0000025459050000, 0x0000025459ff0000)
 Next Bits: [0x0000025459ff0000, 0x000002545af90000)

Polling page: 0x0000025444180000

Metaspace:

Usage:
  Non-class:      3.31 MB used.
      Class:    293.05 KB used.
       Both:      3.60 MB used.

Virtual space:
  Non-class space:       64.00 MB reserved,       3.31 MB (  5%) committed,  1 nodes.
      Class space:        1.00 GB reserved,     320.00 KB ( <1%) committed,  1 nodes.
             Both:        1.06 GB reserved,       3.62 MB ( <1%) committed. 

Chunk freelists:
   Non-Class:  12.00 MB
       Class:  15.62 MB
        Both:  27.62 MB

MaxMetaspaceSize: unlimited
CompressedClassSpaceSize: 1.00 GB
Initial GC threshold: 21.00 MB
Current GC threshold: 21.00 MB
CDS: off
MetaspaceReclaimPolicy: balanced
 - commit_granule_bytes: 65536.
 - commit_granule_words: 8192.
 - virtual_space_node_default_size: 8388608.
 - enlarge_chunks_in_place: 1.
 - new_chunks_are_fully_committed: 0.
 - uncommit_free_chunks: 1.
 - use_allocation_guard: 0.
 - handle_deallocations: 1.


Internal statistics:

num_allocs_failed_limit: 0.
num_arena_births: 2.
num_arena_deaths: 0.
num_vsnodes_births: 2.
num_vsnodes_deaths: 0.
num_space_committed: 58.
num_space_uncommitted: 0.
num_chunks_returned_to_freelist: 0.
num_chunks_taken_from_freelist: 4.
num_chunk_merges: 0.
num_chunk_splits: 2.
num_chunks_enlarged: 0.
num_inconsistent_stats: 0.

CodeHeap 'non-profiled nmethods': size=120000Kb used=14Kb max_used=14Kb free=119985Kb
 bounds [0x0000025451520000, 0x0000025451790000, 0x0000025458a50000]
CodeHeap 'profiled nmethods': size=120000Kb used=86Kb max_used=86Kb free=119913Kb
 bounds [0x0000025449a50000, 0x0000025449cc0000, 0x0000025450f80000]
CodeHeap 'non-nmethods': size=5760Kb used=1034Kb max_used=1045Kb free=4725Kb
 bounds [0x0000025450f80000, 0x00000254511f0000, 0x0000025451520000]
 total_blobs=357 nmethods=69 adapters=201
 compilation: enabled
              stopped_count=0, restarted_count=0
 full_count=0

Compilation events (20 events):
Event: 0.220 Thread 0x000002545d498b60   60       3       java.util.ImmutableCollections$SetN::isEmpty (13 bytes)
Event: 0.220 Thread 0x000002545d498b60 nmethod 60 0x0000025449a63910 code [0x0000025449a63aa0, 0x0000025449a63c18]
Event: 0.220 Thread 0x000002545d498b60   61       1       java.lang.module.ResolvedModule::configuration (5 bytes)
Event: 0.220 Thread 0x000002545d498b60 nmethod 61 0x0000025451523110 code [0x00000254515232a0, 0x0000025451523378]
Event: 0.220 Thread 0x000002545d498b60   62       3       java.util.HashSet::add (20 bytes)
Event: 0.221 Thread 0x000002545d498b60 nmethod 62 0x0000025449a63c90 code [0x0000025449a63e40, 0x0000025449a64008]
Event: 0.222 Thread 0x000002545d498b60   63       1       java.lang.module.ModuleDescriptor$Exports::targets (5 bytes)
Event: 0.222 Thread 0x000002545d498b60 nmethod 63 0x0000025451523410 code [0x00000254515235a0, 0x0000025451523678]
Event: 0.222 Thread 0x000002545d498b60   64       3       java.util.HashMap::<init> (11 bytes)
Event: 0.222 Thread 0x000002545d498b60 nmethod 64 0x0000025449a64110 code [0x0000025449a642c0, 0x0000025449a64498]
Event: 0.225 Thread 0x000002545d498b60   65       3       java.util.ImmutableCollections$Set12::iterator (9 bytes)
Event: 0.225 Thread 0x000002545d498b60 nmethod 65 0x0000025449a64590 code [0x0000025449a64740, 0x0000025449a64a18]
Event: 0.225 Thread 0x000002545d498b60   66       3       java.util.ImmutableCollections$Set12$1::<init> (32 bytes)
Event: 0.226 Thread 0x000002545d498b60 nmethod 66 0x0000025449a64b10 code [0x0000025449a64cc0, 0x0000025449a64ef8]
Event: 0.226 Thread 0x000002545d498b60   67       1       java.util.ImmutableCollections$Set12::isEmpty (2 bytes)
Event: 0.226 Thread 0x000002545d498b60 nmethod 67 0x0000025451523710 code [0x00000254515238a0, 0x0000025451523978]
Event: 0.233 Thread 0x000002545d498b60   68       3       java.lang.StringUTF16::getChar (60 bytes)
Event: 0.234 Thread 0x000002545d498b60 nmethod 68 0x0000025449a65010 code [0x0000025449a651a0, 0x0000025449a65318]
Event: 0.237 Thread 0x000002545d498b60   69       3       java.lang.AbstractStringBuilder::ensureCapacityInternal (39 bytes)
Event: 0.237 Thread 0x000002545d498b60 nmethod 69 0x0000025449a65410 code [0x0000025449a655c0, 0x0000025449a657f8]

GC Heap History (0 events):
No events

Dll operation events (1 events):
Event: 0.020 Loaded shared library C:\Users\nassa\Downloads\eclipse\plugins\org.eclipse.justj.openjdk.hotspot.jre.full.win32.x86_64_17.0.9.v20231028-0858\jre\bin\java.dll

Deoptimization events (0 events):
No events

Classes unloaded (0 events):
No events

Classes redefined (0 events):
No events

Internal exceptions (0 events):
No events

VM Operations (0 events):
No events

Events (20 events):
Event: 0.244 loading class java/lang/ref/Cleaner$Cleanable
Event: 0.244 loading class java/lang/ref/Cleaner$Cleanable done
Event: 0.244 loading class jdk/internal/ref/PhantomCleanable done
Event: 0.244 loading class java/io/FileCleanable done
Event: 0.244 loading class jdk/internal/ref/CleanerFactory
Event: 0.244 loading class jdk/internal/ref/CleanerFactory done
Event: 0.244 loading class jdk/internal/ref/CleanerFactory$1
Event: 0.244 loading class java/util/concurrent/ThreadFactory
Event: 0.244 loading class java/util/concurrent/ThreadFactory done
Event: 0.244 loading class jdk/internal/ref/CleanerFactory$1 done
Event: 0.244 loading class java/lang/ref/Cleaner
Event: 0.244 loading class java/lang/ref/Cleaner done
Event: 0.244 loading class java/lang/ref/Cleaner$1
Event: 0.245 loading class java/lang/ref/Cleaner$1 done
Event: 0.245 loading class jdk/internal/ref/CleanerImpl
Event: 0.245 loading class jdk/internal/ref/CleanerImpl done
Event: 0.245 loading class jdk/internal/ref/CleanerImpl$PhantomCleanableRef
Event: 0.245 loading class jdk/internal/ref/CleanerImpl$PhantomCleanableRef done
Event: 0.245 loading class jdk/internal/ref/CleanerImpl$CleanerCleanable
Event: 0.245 loading class jdk/internal/ref/CleanerImpl$CleanerCleanable done


Dynamic libraries:
0x00007ff68a1b0000 - 0x00007ff68a1be000 	C:\Users\nassa\Downloads\eclipse\plugins\org.eclipse.justj.openjdk.hotspot.jre.full.win32.x86_64_17.0.9.v20231028-0858\jre\bin\javaw.exe
0x00007ffa1ad90000 - 0x00007ffa1af88000 	C:\WINDOWS\SYSTEM32\ntdll.dll
0x00007ffa18e20000 - 0x00007ffa18edd000 	C:\WINDOWS\System32\KERNEL32.DLL
0x00007ffa18510000 - 0x00007ffa18806000 	C:\WINDOWS\System32\KERNELBASE.dll
0x00007ffa18aa0000 - 0x00007ffa18ba0000 	C:\WINDOWS\System32\ucrtbase.dll
0x00007ff9f6b70000 - 0x00007ff9f6b8b000 	C:\Users\nassa\Downloads\eclipse\plugins\org.eclipse.justj.openjdk.hotspot.jre.full.win32.x86_64_17.0.9.v20231028-0858\jre\bin\VCRUNTIME140.dll
0x00007ff9f7120000 - 0x00007ff9f7137000 	C:\Users\nassa\Downloads\eclipse\plugins\org.eclipse.justj.openjdk.hotspot.jre.full.win32.x86_64_17.0.9.v20231028-0858\jre\bin\jli.dll
0x00007ffa19f60000 - 0x00007ffa1a0fe000 	C:\WINDOWS\System32\USER32.dll
0x00007ffa18dc0000 - 0x00007ffa18de2000 	C:\WINDOWS\System32\win32u.dll
0x00007ffa1a360000 - 0x00007ffa1a38c000 	C:\WINDOWS\System32\GDI32.dll
0x00007ffa18ba0000 - 0x00007ffa18cba000 	C:\WINDOWS\System32\gdi32full.dll
0x00007ffa18470000 - 0x00007ffa1850d000 	C:\WINDOWS\System32\msvcp_win.dll
0x00007ffa06f40000 - 0x00007ffa071da000 	C:\WINDOWS\WinSxS\amd64_microsoft.windows.common-controls_6595b64144ccf1df_6.0.19041.3636_none_60b6a03d71f818d5\COMCTL32.dll
0x00007ffa1a230000 - 0x00007ffa1a2ce000 	C:\WINDOWS\System32\msvcrt.dll
0x00007ffa18df0000 - 0x00007ffa18e20000 	C:\WINDOWS\System32\IMM32.DLL
0x00007ffa10790000 - 0x00007ffa1079c000 	C:\Users\nassa\Downloads\eclipse\plugins\org.eclipse.justj.openjdk.hotspot.jre.full.win32.x86_64_17.0.9.v20231028-0858\jre\bin\vcruntime140_1.dll
0x00007ff9e5830000 - 0x00007ff9e58bd000 	C:\Users\nassa\Downloads\eclipse\plugins\org.eclipse.justj.openjdk.hotspot.jre.full.win32.x86_64_17.0.9.v20231028-0858\jre\bin\msvcp140.dll
0x00007ff9d15a0000 - 0x00007ff9d2201000 	C:\Users\nassa\Downloads\eclipse\plugins\org.eclipse.justj.openjdk.hotspot.jre.full.win32.x86_64_17.0.9.v20231028-0858\jre\bin\server\jvm.dll
0x00007ffa19eb0000 - 0x00007ffa19f5f000 	C:\WINDOWS\System32\ADVAPI32.dll
0x00007ffa19e10000 - 0x00007ffa19eac000 	C:\WINDOWS\System32\sechost.dll
0x00007ffa18ee0000 - 0x00007ffa19006000 	C:\WINDOWS\System32\RPCRT4.dll
0x00007ffa182d0000 - 0x00007ffa1831b000 	C:\WINDOWS\SYSTEM32\POWRPROF.dll
0x00007ffa005e0000 - 0x00007ffa005e9000 	C:\WINDOWS\SYSTEM32\WSOCK32.dll
0x00007ffa1aaf0000 - 0x00007ffa1ab5b000 	C:\WINDOWS\System32\WS2_32.dll
0x00007ffa05450000 - 0x00007ffa05477000 	C:\WINDOWS\SYSTEM32\WINMM.dll
0x00007ffa08670000 - 0x00007ffa0867a000 	C:\WINDOWS\SYSTEM32\VERSION.dll
0x00007ffa182b0000 - 0x00007ffa182c2000 	C:\WINDOWS\SYSTEM32\UMPDC.dll
0x00007ffa16cc0000 - 0x00007ffa16cd2000 	C:\WINDOWS\SYSTEM32\kernel.appcore.dll
0x00007ffa14be0000 - 0x00007ffa14bea000 	C:\Users\nassa\Downloads\eclipse\plugins\org.eclipse.justj.openjdk.hotspot.jre.full.win32.x86_64_17.0.9.v20231028-0858\jre\bin\jimage.dll
0x00007ffa16830000 - 0x00007ffa16a14000 	C:\WINDOWS\SYSTEM32\DBGHELP.DLL
0x00007ff9f91e0000 - 0x00007ff9f9214000 	C:\WINDOWS\SYSTEM32\dbgcore.DLL
0x00007ffa18970000 - 0x00007ffa189f2000 	C:\WINDOWS\System32\bcryptPrimitives.dll
0x00007ffa0cd30000 - 0x00007ffa0cd55000 	C:\Users\nassa\Downloads\eclipse\plugins\org.eclipse.justj.openjdk.hotspot.jre.full.win32.x86_64_17.0.9.v20231028-0858\jre\bin\java.dll
0x00007ffa10700000 - 0x00007ffa10718000 	C:\Users\nassa\Downloads\eclipse\plugins\org.eclipse.justj.openjdk.hotspot.jre.full.win32.x86_64_17.0.9.v20231028-0858\jre\bin\zip.dll
0x00007ffa191c0000 - 0x00007ffa19904000 	C:\WINDOWS\System32\SHELL32.dll
0x00007ffa15fc0000 - 0x00007ffa1675b000 	C:\WINDOWS\SYSTEM32\windows.storage.dll
0x00007ffa19910000 - 0x00007ffa19c64000 	C:\WINDOWS\System32\combase.dll
0x00007ffa17de0000 - 0x00007ffa17e0d000 	C:\WINDOWS\SYSTEM32\Wldp.dll
0x00007ffa1ac40000 - 0x00007ffa1aced000 	C:\WINDOWS\System32\SHCORE.dll
0x00007ffa1acf0000 - 0x00007ffa1ad45000 	C:\WINDOWS\System32\shlwapi.dll
0x00007ffa183a0000 - 0x00007ffa183c5000 	C:\WINDOWS\SYSTEM32\profapi.dll

dbghelp: loaded successfully - version: 4.0.5 - missing functions: none
symbol engine: initialized successfully - sym options: 0x614 - pdb path: .;C:\Users\nassa\Downloads\eclipse\plugins\org.eclipse.justj.openjdk.hotspot.jre.full.win32.x86_64_17.0.9.v20231028-0858\jre\bin;C:\WINDOWS\SYSTEM32;C:\WINDOWS\WinSxS\amd64_microsoft.windows.common-controls_6595b64144ccf1df_6.0.19041.3636_none_60b6a03d71f818d5;C:\Users\nassa\Downloads\eclipse\plugins\org.eclipse.justj.openjdk.hotspot.jre.full.win32.x86_64_17.0.9.v20231028-0858\jre\bin\server

VM Arguments:
jvm_args: -Dfile.encoding=UTF-8 -XX:+ShowCodeDetailsInExceptionMessages 
java_command: it.unipv.ingsw.gi.library.Biblioteca
java_class_path (initial): C:\Users\nassa\eclipse-workspace\BibFin\bin;C:\Users\nassa\Downloads\mysql-connector-j-8.0.32\mysql-connector-j-8.0.32.jar;C:\Users\nassa\eclipse-workspace\BibFin\jgoodies-forms-1.8.0.jar;C:\Users\nassa\eclipse-workspace\BibFin\miglayout15-swing.jar;C:\Users\nassa\Downloads\eclipse\plugins\org.junit_4.13.2.v20211018-1956.jar;C:\Users\nassa\Downloads\eclipse\plugins\org.hamcrest.core_1.3.0.v20180420-1519.jar
Launcher Type: SUN_STANDARD

[Global flags]
     intx CICompilerCount                          = 3                                         {product} {ergonomic}
     uint ConcGCThreads                            = 1                                         {product} {ergonomic}
     uint G1ConcRefinementThreads                  = 4                                         {product} {ergonomic}
   size_t G1HeapRegionSize                         = 1048576                                   {product} {ergonomic}
    uintx GCDrainStackTargetSize                   = 64                                        {product} {ergonomic}
   size_t InitialHeapSize                          = 67108864                                  {product} {ergonomic}
   size_t MarkStackSize                            = 4194304                                   {product} {ergonomic}
   size_t MaxHeapSize                              = 1048576000                                {product} {ergonomic}
   size_t MaxNewSize                               = 629145600                                 {product} {ergonomic}
   size_t MinHeapDeltaBytes                        = 1048576                                   {product} {ergonomic}
   size_t MinHeapSize                              = 8388608                                   {product} {ergonomic}
    uintx NonNMethodCodeHeapSize                   = 5832780                                {pd product} {ergonomic}
    uintx NonProfiledCodeHeapSize                  = 122912730                              {pd product} {ergonomic}
    uintx ProfiledCodeHeapSize                     = 122912730                              {pd product} {ergonomic}
    uintx ReservedCodeCacheSize                    = 251658240                              {pd product} {ergonomic}
     bool SegmentedCodeCache                       = true                                      {product} {ergonomic}
     bool ShowCodeDetailsInExceptionMessages       = true                                   {manageable} {command line}
   size_t SoftMaxHeapSize                          = 1048576000                             {manageable} {ergonomic}
     bool UseCompressedClassPointers               = true                           {product lp64_product} {ergonomic}
     bool UseCompressedOops                        = true                           {product lp64_product} {ergonomic}
     bool UseG1GC                                  = true                                      {product} {ergonomic}
     bool UseLargePagesIndividualAllocation        = false                                  {pd product} {ergonomic}

Logging:
Log output configuration:
 #0: stdout all=warning uptime,level,tags
 #1: stderr all=off uptime,level,tags

Environment Variables:
PATH=C:/Users/nassa/Downloads/eclipse//plugins/org.eclipse.justj.openjdk.hotspot.jre.full.win32.x86_64_17.0.9.v20231028-0858/jre/bin/server;C:/Users/nassa/Downloads/eclipse//plugins/org.eclipse.justj.openjdk.hotspot.jre.full.win32.x86_64_17.0.9.v20231028-0858/jre/bin;C:\Program Files (x86)\Common Files\Oracle\Java\javapath;C:\WINDOWS\system32;C:\WINDOWS;C:\WINDOWS\System32\Wbem;C:\WINDOWS\System32\WindowsPowerShell\v1.0\;C:\WINDOWS\System32\OpenSSH\;C:\Program Files (x86)\starship\bin\;C:\Program Files\Microsoft SQL Server\130\Tools\Binn\;D:\random\;C:\Program Files\Git\cmd;C:\Program Files\MATLAB\R2023b\bin;C:\Users\nassa\AppData\Local\Programs\Python\Python311\Scripts\;C:\Users\nassa\AppData\Local\Programs\Python\Python311\;C:\Program Files\MySQL\MySQL Shell 8.0\bin\;C:\Users\nassa\AppData\Local\Microsoft\WindowsApps;;C:\Users\nassa\AppData\Local\Programs\Microsoft VS Code\bin;C:\Users\nassa\Downloads\eclipse;
USERNAME=nassa
OS=Windows_NT
PROCESSOR_IDENTIFIER=Intel64 Family 6 Model 61 Stepping 4, GenuineIntel
TMP=C:\Users\nassa\AppData\Local\Temp
TEMP=C:\Users\nassa\AppData\Local\Temp



Periodic native trim disabled


---------------  S Y S T E M  ---------------

OS:
 Windows 10 , 64 bit Build 19041 (10.0.19041.3636)
OS uptime: 1 days 23:33 hours

CPU: total 4 (initial active 4) (2 cores per cpu, 2 threads per core) family 6 model 61 stepping 4 microcode 0x2d, cx8, cmov, fxsr, ht, mmx, 3dnowpref, sse, sse2, sse3, ssse3, sse4.1, sse4.2, popcnt, lzcnt, tsc, tscinvbit, avx, avx2, aes, erms, clmul, bmi1, bmi2, rtm, adx, fma, vzeroupper, clflush
Processor Information for all 4 processors :
  Max Mhz: 2301, Current Mhz: 2301, Mhz Limit: 2301

Memory: 4k page, system-wide physical 3995M (356M free)
TotalPageFile size 7995M (AvailPageFile size 3M)
current process WorkingSet (physical memory assigned to process): 27M, peak: 27M
current process commit charge ("private bytes"): 126M, peak: 126M

vm_info: OpenJDK 64-Bit Server VM (17.0.9+9) for windows-amd64 JRE (17.0.9+9), built on Oct 26 2023 14:01:42 by "admin" with MS VC++ 16.10 / 16.11 (VS2019)

END.
